<?xml version="1.0" encoding="UTF-8"?>
<testsuite name="com.example.demo.GestionPresence2ApplicationTests" tests="1" skipped="0" failures="0" errors="0" timestamp="2025-05-02T23:53:37.370Z" hostname="DESKTOP-LMTGO3T" time="0.319">
  <properties/>
  <testcase name="contextLoads()" classname="com.example.demo.GestionPresence2ApplicationTests" time="0.319"/>
  <system-out><![CDATA[00:53:31.172 [Test worker] INFO org.springframework.test.context.support.AnnotationConfigContextLoaderUtils -- Could not detect default configuration classes for test class [com.example.demo.GestionPresence2ApplicationTests]: GestionPresence2ApplicationTests does not declare any static, non-private, non-final, nested classes annotated with @Configuration.
00:53:31.292 [Test worker] INFO org.springframework.boot.test.context.SpringBootTestContextBootstrapper -- Found @SpringBootConfiguration com.example.demo.GestionPresence2Application for test class com.example.demo.GestionPresence2ApplicationTests

  .   ____          _            __ _ _
 /\\ / ___'_ __ _ _(_)_ __  __ _ \ \ \ \
( ( )\___ | '_ | '_| | '_ \/ _` | \ \ \ \
 \\/  ___)| |_)| | | | | || (_| |  ) ) ) )
  '  |____| .__|_| |_|_| |_\__, | / / / /
 =========|_|==============|___/=/_/_/_/

 :: Spring Boot ::                (v3.4.4)

2025-05-03T00:53:31.673+01:00  INFO 13980 --- [GestionPresence2] [    Test worker] c.e.d.GestionPresence2ApplicationTests   : Starting GestionPresence2ApplicationTests using Java 17.0.12 with PID 13980 (started by lenovo in C:\Users\lenovo\Desktop\Spring boot\GestionPresence2)
2025-05-03T00:53:31.674+01:00  INFO 13980 --- [GestionPresence2] [    Test worker] c.e.d.GestionPresence2ApplicationTests   : No active profile set, falling back to 1 default profile: "default"
2025-05-03T00:53:31.707+01:00 DEBUG 13980 --- [GestionPresence2] [    Test worker] o.s.w.c.s.GenericWebApplicationContext   : Refreshing org.springframework.web.context.support.GenericWebApplicationContext@3c0036b
2025-05-03T00:53:32.384+01:00  INFO 13980 --- [GestionPresence2] [    Test worker] .s.d.r.c.RepositoryConfigurationDelegate : Bootstrapping Spring Data JPA repositories in DEFAULT mode.
2025-05-03T00:53:32.487+01:00  INFO 13980 --- [GestionPresence2] [    Test worker] .s.d.r.c.RepositoryConfigurationDelegate : Finished Spring Data repository scanning in 87 ms. Found 11 JPA repository interfaces.
2025-05-03T00:53:33.001+01:00  INFO 13980 --- [GestionPresence2] [    Test worker] o.hibernate.jpa.internal.util.LogHelper  : HHH000204: Processing PersistenceUnitInfo [name: default]
2025-05-03T00:53:33.068+01:00  INFO 13980 --- [GestionPresence2] [    Test worker] org.hibernate.Version                    : HHH000412: Hibernate ORM core version 6.6.11.Final
2025-05-03T00:53:33.118+01:00  INFO 13980 --- [GestionPresence2] [    Test worker] o.h.c.internal.RegionFactoryInitiator    : HHH000026: Second-level cache disabled
2025-05-03T00:53:33.407+01:00  INFO 13980 --- [GestionPresence2] [    Test worker] o.s.o.j.p.SpringPersistenceUnitInfo      : No LoadTimeWeaver setup: ignoring JPA class transformer
2025-05-03T00:53:33.431+01:00  INFO 13980 --- [GestionPresence2] [    Test worker] com.zaxxer.hikari.HikariDataSource       : HikariPool-1 - Starting...
2025-05-03T00:53:33.670+01:00  INFO 13980 --- [GestionPresence2] [    Test worker] com.zaxxer.hikari.pool.HikariPool        : HikariPool-1 - Added connection com.mysql.cj.jdbc.ConnectionImpl@78fb72cb
2025-05-03T00:53:33.671+01:00  INFO 13980 --- [GestionPresence2] [    Test worker] com.zaxxer.hikari.HikariDataSource       : HikariPool-1 - Start completed.
2025-05-03T00:53:33.715+01:00  WARN 13980 --- [GestionPresence2] [    Test worker] org.hibernate.orm.deprecation            : HHH90000025: MySQL8Dialect does not need to be specified explicitly using 'hibernate.dialect' (remove the property setting and it will be selected by default)
2025-05-03T00:53:33.717+01:00  WARN 13980 --- [GestionPresence2] [    Test worker] org.hibernate.orm.deprecation            : HHH90000026: MySQL8Dialect has been deprecated; use org.hibernate.dialect.MySQLDialect instead
2025-05-03T00:53:33.735+01:00  INFO 13980 --- [GestionPresence2] [    Test worker] org.hibernate.orm.connections.pooling    : HHH10001005: Database info:
	Database JDBC URL [Connecting through datasource 'HikariDataSource (HikariPool-1)']
	Database driver: undefined/unknown
	Database version: 8.0
	Autocommit mode: undefined/unknown
	Isolation level: undefined/unknown
	Minimum pool size: undefined/unknown
	Maximum pool size: undefined/unknown
2025-05-03T00:53:34.635+01:00  INFO 13980 --- [GestionPresence2] [    Test worker] o.h.e.t.j.p.i.JtaPlatformInitiator       : HHH000489: No JTA platform available (set 'hibernate.transaction.jta.platform' to enable JTA platform integration)
2025-05-03T00:53:34.733+01:00  INFO 13980 --- [GestionPresence2] [    Test worker] j.LocalContainerEntityManagerFactoryBean : Initialized JPA EntityManagerFactory for persistence unit 'default'
CONFIGURATION DE S?CURIT? ACTIVE 
2025-05-03T00:53:35.298+01:00  INFO 13980 --- [GestionPresence2] [    Test worker] o.s.d.j.r.query.QueryEnhancerFactory     : Hibernate is in classpath; If applicable, HQL parser will be used.
2025-05-03T00:53:36.289+01:00  WARN 13980 --- [GestionPresence2] [    Test worker] JpaBaseConfiguration$JpaWebConfiguration : spring.jpa.open-in-view is enabled by default. Therefore, database queries may be performed during view rendering. Explicitly configure spring.jpa.open-in-view to disable this warning
2025-05-03T00:53:36.334+01:00  WARN 13980 --- [GestionPresence2] [    Test worker] .s.s.UserDetailsServiceAutoConfiguration : 

Using generated security password: 4fef3565-0687-4ce4-9135-fdfd43a94fec

This generated password is for development use only. Your security configuration must be updated before running your application in production.

2025-05-03T00:53:36.370+01:00  INFO 13980 --- [GestionPresence2] [    Test worker] r$InitializeUserDetailsManagerConfigurer : Global AuthenticationManager configured with UserDetailsService bean with name inMemoryUserDetailsManager
2025-05-03T00:53:36.635+01:00 DEBUG 13980 --- [GestionPresence2] [    Test worker] s.w.s.m.m.a.RequestMappingHandlerMapping : 21 mappings in 'requestMappingHandlerMapping'
2025-05-03T00:53:36.921+01:00 DEBUG 13980 --- [GestionPresence2] [    Test worker] o.s.w.s.handler.SimpleUrlHandlerMapping  : Patterns [/webjars/**, /**] in 'resourceHandlerMapping'
2025-05-03T00:53:36.961+01:00 DEBUG 13980 --- [GestionPresence2] [    Test worker] o.s.s.web.DefaultSecurityFilterChain     : Will secure any request with filters: DisableEncodeUrlFilter, WebAsyncManagerIntegrationFilter, SecurityContextHolderFilter, HeaderWriterFilter, LogoutFilter, RequestCacheAwareFilter, SecurityContextHolderAwareRequestFilter, AnonymousAuthenticationFilter, ExceptionTranslationFilter, AuthorizationFilter
2025-05-03T00:53:37.187+01:00 DEBUG 13980 --- [GestionPresence2] [    Test worker] s.w.s.m.m.a.RequestMappingHandlerAdapter : ControllerAdvice beans: 0 @ModelAttribute, 0 @InitBinder, 1 RequestBodyAdvice, 1 ResponseBodyAdvice
2025-05-03T00:53:37.227+01:00 DEBUG 13980 --- [GestionPresence2] [    Test worker] .m.m.a.ExceptionHandlerExceptionResolver : ControllerAdvice beans: 0 @ExceptionHandler, 1 ResponseBodyAdvice
2025-05-03T00:53:37.356+01:00  INFO 13980 --- [GestionPresence2] [    Test worker] c.e.d.GestionPresence2ApplicationTests   : Started GestionPresence2ApplicationTests in 5.926 seconds (process running for 6.897)
]]></system-out>
  <system-err><![CDATA[]]></system-err>
</testsuite>
